<?xml version="1.0" encoding="UTF-8"?>
<coverage generated="1695201091561" clover="3.2.0">
  <project timestamp="1695201091561" name="All files">
    <metrics statements="21" coveredstatements="14" conditionals="2" coveredconditionals="0" methods="9" coveredmethods="5" elements="32" coveredelements="19" complexity="0" loc="21" ncloc="21" packages="1" files="1" classes="1"/>
    <file name="todoApp.tsx" path="/Users/igor.babenkov/vite-react/boilerplate-vite-react/src/exercises/react/todoApp.tsx">
      <metrics statements="21" coveredstatements="14" conditionals="2" coveredconditionals="0" methods="9" coveredmethods="5"/>
      <line num="1" count="1" type="stmt"/>
      <line num="9" count="1" type="stmt"/>
      <line num="10" count="8" type="stmt"/>
      <line num="11" count="8" type="stmt"/>
      <line num="13" count="8" type="stmt"/>
      <line num="14" count="2" type="stmt"/>
      <line num="15" count="2" type="cond" truecount="0" falsecount="1"/>
      <line num="16" count="0" type="stmt"/>
      <line num="18" count="2" type="stmt"/>
      <line num="19" count="2" type="stmt"/>
      <line num="24" count="2" type="stmt"/>
      <line num="27" count="8" type="stmt"/>
      <line num="28" count="0" type="stmt"/>
      <line num="29" count="0" type="stmt"/>
      <line num="30" count="0" type="cond" truecount="0" falsecount="1"/>
      <line num="31" count="0" type="stmt"/>
      <line num="34" count="0" type="stmt"/>
      <line num="39" count="8" type="stmt"/>
      <line num="47" count="2" type="stmt"/>
      <line num="61" count="2" type="stmt"/>
      <line num="68" count="0" type="stmt"/>
    </file>
  </project>
</coverage>
