{"/Users/igor.babenkov/vite-react/boilerplate-vite-react/src/exercises/react/todoApp.tsx": {"path":"/Users/igor.babenkov/vite-react/boilerplate-vite-react/src/exercises/react/todoApp.tsx","statementMap":{"0":{"start":{"line":1,"column":0},"end":{"line":1,"column":51}},"1":{"start":{"line":9,"column":33},"end":{"line":78,"column":1}},"2":{"start":{"line":10,"column":28},"end":{"line":10,"column":49}},"3":{"start":{"line":11,"column":40},"end":{"line":11,"column":52}},"4":{"start":{"line":13,"column":41},"end":{"line":25,"column":3}},"5":{"start":{"line":14,"column":4},"end":{"line":14,"column":23}},"6":{"start":{"line":15,"column":4},"end":{"line":17,"column":null}},"7":{"start":{"line":16,"column":6},"end":{"line":16,"column":13}},"8":{"start":{"line":18,"column":4},"end":{"line":22,"column":6}},"9":{"start":{"line":19,"column":6},"end":{"line":21,"column":8}},"10":{"start":{"line":24,"column":4},"end":{"line":24,"column":23}},"11":{"start":{"line":27,"column":32},"end":{"line":37,"column":3}},"12":{"start":{"line":28,"column":4},"end":{"line":36,"column":6}},"13":{"start":{"line":29,"column":6},"end":{"line":35,"column":8}},"14":{"start":{"line":30,"column":8},"end":{"line":32,"column":null}},"15":{"start":{"line":31,"column":10},"end":{"line":31,"column":53}},"16":{"start":{"line":34,"column":8},"end":{"line":34,"column":20}},"17":{"start":{"line":39,"column":2},"end":{"line":77,"column":4}},"18":{"start":{"line":47,"column":27},"end":{"line":47,"column":57}},"19":{"start":{"line":61,"column":12},"end":{"line":72,"column":14}},"20":{"start":{"line":68,"column":20},"end":{"line":68,"column":67}},"21":{"start":{"line":9,"column":13},"end":{"line":9,"column":33}}},"fnMap":{"0":{"name":"(anonymous_0)","decl":{"start":{"line":9,"column":33},"end":{"line":9,"column":36}},"loc":{"start":{"line":9,"column":38},"end":{"line":78,"column":1}}},"1":{"name":"(anonymous_1)","decl":{"start":{"line":13,"column":41},"end":{"line":13,"column":42}},"loc":{"start":{"line":13,"column":47},"end":{"line":25,"column":3}}},"2":{"name":"(anonymous_2)","decl":{"start":{"line":18,"column":13},"end":{"line":18,"column":14}},"loc":{"start":{"line":19,"column":6},"end":{"line":21,"column":8}}},"3":{"name":"(anonymous_3)","decl":{"start":{"line":27,"column":32},"end":{"line":27,"column":33}},"loc":{"start":{"line":27,"column":69},"end":{"line":37,"column":3}}},"4":{"name":"(anonymous_4)","decl":{"start":{"line":28,"column":13},"end":{"line":28,"column":14}},"loc":{"start":{"line":29,"column":6},"end":{"line":35,"column":8}}},"5":{"name":"(anonymous_5)","decl":{"start":{"line":29,"column":15},"end":{"line":29,"column":16}},"loc":{"start":{"line":29,"column":24},"end":{"line":35,"column":7}}},"6":{"name":"(anonymous_6)","decl":{"start":{"line":47,"column":20},"end":{"line":47,"column":21}},"loc":{"start":{"line":47,"column":27},"end":{"line":47,"column":57}}},"7":{"name":"(anonymous_7)","decl":{"start":{"line":60,"column":21},"end":{"line":60,"column":22}},"loc":{"start":{"line":60,"column":30},"end":{"line":73,"column":11}}},"8":{"name":"(anonymous_8)","decl":{"start":{"line":67,"column":28},"end":{"line":67,"column":31}},"loc":{"start":{"line":68,"column":20},"end":{"line":68,"column":67}}}},"branchMap":{"0":{"loc":{"start":{"line":15,"column":4},"end":{"line":17,"column":null}},"type":"if","locations":[{"start":{"line":15,"column":4},"end":{"line":17,"column":null}}]},"1":{"loc":{"start":{"line":30,"column":8},"end":{"line":32,"column":null}},"type":"if","locations":[{"start":{"line":30,"column":8},"end":{"line":32,"column":null}}]}},"s":{"0":1,"1":1,"2":8,"3":8,"4":8,"5":2,"6":2,"7":0,"8":2,"9":2,"10":2,"11":8,"12":0,"13":0,"14":0,"15":0,"16":0,"17":8,"18":2,"19":2,"20":0,"21":1},"f":{"0":8,"1":2,"2":2,"3":0,"4":0,"5":0,"6":2,"7":2,"8":0},"b":{"0":[0],"1":[0]}}
}
