{"/Users/igor.babenkov/frontend-exercises/src/app.tsx": {"path":"/Users/igor.babenkov/frontend-exercises/src/app.tsx","statementMap":{"0":{"start":{"line":1,"column":0},"end":{"line":1,"column":19}},"1":{"start":{"line":6,"column":2},"end":{"line":12,"column":4}},"2":{"start":{"line":5,"column":0},"end":{"line":5,"column":16}}},"fnMap":{"0":{"name":"App","decl":{"start":{"line":5,"column":16},"end":{"line":5,"column":19}},"loc":{"start":{"line":5,"column":19},"end":{"line":13,"column":1}}}},"branchMap":{},"s":{"0":1,"1":1,"2":1},"f":{"0":1},"b":{}}
,"/Users/igor.babenkov/frontend-exercises/src/exercises/nonReact/debounce.ts": {"path":"/Users/igor.babenkov/frontend-exercises/src/exercises/nonReact/debounce.ts","statementMap":{"0":{"start":{"line":1,"column":24},"end":{"line":13,"column":1}},"1":{"start":{"line":3,"column":2},"end":{"line":12,"column":4}},"2":{"start":{"line":4,"column":4},"end":{"line":6,"column":null}},"3":{"start":{"line":5,"column":6},"end":{"line":5,"column":28}},"4":{"start":{"line":8,"column":4},"end":{"line":11,"column":14}},"5":{"start":{"line":9,"column":6},"end":{"line":9,"column":28}},"6":{"start":{"line":10,"column":6},"end":{"line":10,"column":18}},"7":{"start":{"line":1,"column":13},"end":{"line":1,"column":24}}},"fnMap":{"0":{"name":"(anonymous_0)","decl":{"start":{"line":1,"column":24},"end":{"line":1,"column":25}},"loc":{"start":{"line":1,"column":56},"end":{"line":13,"column":1}}},"1":{"name":"(anonymous_1)","decl":{"start":{"line":3,"column":9},"end":{"line":3,"column":10}},"loc":{"start":{"line":3,"column":28},"end":{"line":12,"column":3}}},"2":{"name":"(anonymous_2)","decl":{"start":{"line":8,"column":26},"end":{"line":8,"column":29}},"loc":{"start":{"line":8,"column":31},"end":{"line":11,"column":5}}}},"branchMap":{"0":{"loc":{"start":{"line":4,"column":4},"end":{"line":6,"column":null}},"type":"if","locations":[{"start":{"line":4,"column":4},"end":{"line":6,"column":null}}]}},"s":{"0":1,"1":4,"2":8,"3":4,"4":8,"5":4,"6":4,"7":1},"f":{"0":4,"1":8,"2":4},"b":{"0":[4]}}
,"/Users/igor.babenkov/frontend-exercises/src/exercises/nonReact/flattenTree.ts": {"path":"/Users/igor.babenkov/frontend-exercises/src/exercises/nonReact/flattenTree.ts","statementMap":{"0":{"start":{"line":6,"column":27},"end":{"line":27,"column":1}},"1":{"start":{"line":7,"column":27},"end":{"line":7,"column":29}},"2":{"start":{"line":8,"column":16},"end":{"line":8,"column":22}},"3":{"start":{"line":10,"column":2},"end":{"line":24,"column":null}},"4":{"start":{"line":11,"column":17},"end":{"line":11,"column":30}},"5":{"start":{"line":13,"column":4},"end":{"line":15,"column":null}},"6":{"start":{"line":14,"column":6},"end":{"line":14,"column":54}},"7":{"start":{"line":17,"column":4},"end":{"line":19,"column":null}},"8":{"start":{"line":18,"column":6},"end":{"line":18,"column":38}},"9":{"start":{"line":21,"column":4},"end":{"line":23,"column":null}},"10":{"start":{"line":22,"column":6},"end":{"line":22,"column":31}},"11":{"start":{"line":26,"column":2},"end":{"line":26,"column":16}},"12":{"start":{"line":6,"column":13},"end":{"line":6,"column":27}}},"fnMap":{"0":{"name":"(anonymous_0)","decl":{"start":{"line":6,"column":27},"end":{"line":6,"column":28}},"loc":{"start":{"line":6,"column":46},"end":{"line":27,"column":1}}}},"branchMap":{"0":{"loc":{"start":{"line":13,"column":4},"end":{"line":15,"column":null}},"type":"if","locations":[{"start":{"line":13,"column":4},"end":{"line":15,"column":null}}]},"1":{"loc":{"start":{"line":17,"column":4},"end":{"line":19,"column":null}},"type":"if","locations":[{"start":{"line":17,"column":4},"end":{"line":19,"column":null}}]},"2":{"loc":{"start":{"line":21,"column":4},"end":{"line":23,"column":null}},"type":"if","locations":[{"start":{"line":21,"column":4},"end":{"line":23,"column":null}}]}},"s":{"0":1,"1":3,"2":3,"3":3,"4":8,"5":8,"6":1,"7":7,"8":3,"9":7,"10":7,"11":2,"12":1},"f":{"0":3},"b":{"0":[1],"1":[3],"2":[7]}}
,"/Users/igor.babenkov/frontend-exercises/src/exercises/nonReact/myPromiseAll.ts": {"path":"/Users/igor.babenkov/frontend-exercises/src/exercises/nonReact/myPromiseAll.ts","statementMap":{"0":{"start":{"line":1,"column":28},"end":{"line":32,"column":1}},"1":{"start":{"line":2,"column":2},"end":{"line":4,"column":null}},"2":{"start":{"line":3,"column":4},"end":{"line":3,"column":31}},"3":{"start":{"line":6,"column":18},"end":{"line":6,"column":44}},"4":{"start":{"line":7,"column":22},"end":{"line":7,"column":37}},"5":{"start":{"line":8,"column":17},"end":{"line":8,"column":22}},"6":{"start":{"line":10,"column":2},"end":{"line":31,"column":5}},"7":{"start":{"line":11,"column":4},"end":{"line":30,"column":7}},"8":{"start":{"line":12,"column":6},"end":{"line":29,"column":11}},"9":{"start":{"line":14,"column":10},"end":{"line":16,"column":null}},"10":{"start":{"line":15,"column":12},"end":{"line":15,"column":19}},"11":{"start":{"line":17,"column":10},"end":{"line":17,"column":34}},"12":{"start":{"line":18,"column":10},"end":{"line":18,"column":26}},"13":{"start":{"line":20,"column":10},"end":{"line":22,"column":null}},"14":{"start":{"line":21,"column":12},"end":{"line":21,"column":29}},"15":{"start":{"line":25,"column":10},"end":{"line":28,"column":null}},"16":{"start":{"line":26,"column":12},"end":{"line":26,"column":27}},"17":{"start":{"line":27,"column":12},"end":{"line":27,"column":28}},"18":{"start":{"line":1,"column":13},"end":{"line":1,"column":28}}},"fnMap":{"0":{"name":"(anonymous_0)","decl":{"start":{"line":1,"column":28},"end":{"line":1,"column":29}},"loc":{"start":{"line":1,"column":73},"end":{"line":32,"column":1}}},"1":{"name":"(anonymous_1)","decl":{"start":{"line":10,"column":21},"end":{"line":10,"column":22}},"loc":{"start":{"line":10,"column":41},"end":{"line":31,"column":3}}},"2":{"name":"(anonymous_2)","decl":{"start":{"line":11,"column":21},"end":{"line":11,"column":22}},"loc":{"start":{"line":11,"column":40},"end":{"line":30,"column":5}}},"3":{"name":"(anonymous_3)","decl":{"start":{"line":13,"column":14},"end":{"line":13,"column":15}},"loc":{"start":{"line":13,"column":25},"end":{"line":23,"column":9}}},"4":{"name":"(anonymous_4)","decl":{"start":{"line":24,"column":15},"end":{"line":24,"column":16}},"loc":{"start":{"line":24,"column":26},"end":{"line":29,"column":9}}}},"branchMap":{"0":{"loc":{"start":{"line":2,"column":2},"end":{"line":4,"column":null}},"type":"if","locations":[{"start":{"line":2,"column":2},"end":{"line":4,"column":null}}]},"1":{"loc":{"start":{"line":14,"column":10},"end":{"line":16,"column":null}},"type":"if","locations":[{"start":{"line":14,"column":10},"end":{"line":16,"column":null}}]},"2":{"loc":{"start":{"line":20,"column":10},"end":{"line":22,"column":null}},"type":"if","locations":[{"start":{"line":20,"column":10},"end":{"line":22,"column":null}}]},"3":{"loc":{"start":{"line":25,"column":10},"end":{"line":28,"column":null}},"type":"if","locations":[{"start":{"line":25,"column":10},"end":{"line":28,"column":null}}]}},"s":{"0":1,"1":4,"2":1,"3":3,"4":3,"5":3,"6":3,"7":3,"8":9,"9":8,"10":0,"11":8,"12":8,"13":8,"14":2,"15":1,"16":1,"17":1,"18":1},"f":{"0":4,"1":3,"2":9,"3":8,"4":1},"b":{"0":[1],"1":[0],"2":[2],"3":[1]}}
,"/Users/igor.babenkov/frontend-exercises/src/exercises/react/countdown.tsx": {"path":"/Users/igor.babenkov/frontend-exercises/src/exercises/react/countdown.tsx","statementMap":{"0":{"start":{"line":1,"column":0},"end":{"line":1,"column":52}},"1":{"start":{"line":3,"column":35},"end":{"line":29,"column":1}},"2":{"start":{"line":4,"column":32},"end":{"line":4,"column":44}},"3":{"start":{"line":5,"column":19},"end":{"line":5,"column":78}},"4":{"start":{"line":7,"column":2},"end":{"line":15,"column":16}},"5":{"start":{"line":8,"column":4},"end":{"line":10,"column":null}},"6":{"start":{"line":9,"column":6},"end":{"line":9,"column":46}},"7":{"start":{"line":12,"column":4},"end":{"line":14,"column":13}},"8":{"start":{"line":13,"column":6},"end":{"line":13,"column":43}},"9":{"start":{"line":13,"column":30},"end":{"line":13,"column":41}},"10":{"start":{"line":17,"column":22},"end":{"line":19,"column":3}},"11":{"start":{"line":18,"column":4},"end":{"line":18,"column":19}},"12":{"start":{"line":21,"column":2},"end":{"line":28,"column":4}},"13":{"start":{"line":3,"column":13},"end":{"line":3,"column":35}}},"fnMap":{"0":{"name":"(anonymous_0)","decl":{"start":{"line":3,"column":35},"end":{"line":3,"column":38}},"loc":{"start":{"line":3,"column":40},"end":{"line":29,"column":1}}},"1":{"name":"(anonymous_1)","decl":{"start":{"line":7,"column":12},"end":{"line":7,"column":15}},"loc":{"start":{"line":7,"column":17},"end":{"line":15,"column":3}}},"2":{"name":"(anonymous_2)","decl":{"start":{"line":12,"column":43},"end":{"line":12,"column":46}},"loc":{"start":{"line":12,"column":48},"end":{"line":14,"column":5}}},"3":{"name":"(anonymous_3)","decl":{"start":{"line":13,"column":17},"end":{"line":13,"column":18}},"loc":{"start":{"line":13,"column":30},"end":{"line":13,"column":41}}},"4":{"name":"(anonymous_4)","decl":{"start":{"line":17,"column":22},"end":{"line":17,"column":25}},"loc":{"start":{"line":17,"column":27},"end":{"line":19,"column":3}}}},"branchMap":{"0":{"loc":{"start":{"line":8,"column":4},"end":{"line":10,"column":null}},"type":"if","locations":[{"start":{"line":8,"column":4},"end":{"line":10,"column":null}}]}},"s":{"0":1,"1":1,"2":7,"3":7,"4":7,"5":7,"6":4,"7":7,"8":15,"9":8,"10":7,"11":1,"12":7,"13":1},"f":{"0":7,"1":7,"2":15,"3":8,"4":1},"b":{"0":[4]}}
,"/Users/igor.babenkov/frontend-exercises/src/exercises/react/todoApp.tsx": {"path":"/Users/igor.babenkov/frontend-exercises/src/exercises/react/todoApp.tsx","statementMap":{"0":{"start":{"line":1,"column":0},"end":{"line":1,"column":51}},"1":{"start":{"line":9,"column":33},"end":{"line":78,"column":1}},"2":{"start":{"line":10,"column":28},"end":{"line":10,"column":49}},"3":{"start":{"line":11,"column":40},"end":{"line":11,"column":52}},"4":{"start":{"line":13,"column":41},"end":{"line":25,"column":3}},"5":{"start":{"line":14,"column":4},"end":{"line":14,"column":23}},"6":{"start":{"line":15,"column":4},"end":{"line":17,"column":null}},"7":{"start":{"line":16,"column":6},"end":{"line":16,"column":13}},"8":{"start":{"line":18,"column":4},"end":{"line":22,"column":6}},"9":{"start":{"line":19,"column":6},"end":{"line":21,"column":8}},"10":{"start":{"line":24,"column":4},"end":{"line":24,"column":23}},"11":{"start":{"line":27,"column":32},"end":{"line":37,"column":3}},"12":{"start":{"line":28,"column":4},"end":{"line":36,"column":6}},"13":{"start":{"line":29,"column":6},"end":{"line":35,"column":8}},"14":{"start":{"line":30,"column":8},"end":{"line":32,"column":null}},"15":{"start":{"line":31,"column":10},"end":{"line":31,"column":53}},"16":{"start":{"line":34,"column":8},"end":{"line":34,"column":20}},"17":{"start":{"line":39,"column":2},"end":{"line":77,"column":4}},"18":{"start":{"line":47,"column":27},"end":{"line":47,"column":57}},"19":{"start":{"line":61,"column":12},"end":{"line":72,"column":14}},"20":{"start":{"line":68,"column":20},"end":{"line":68,"column":67}},"21":{"start":{"line":9,"column":13},"end":{"line":9,"column":33}}},"fnMap":{"0":{"name":"(anonymous_0)","decl":{"start":{"line":9,"column":33},"end":{"line":9,"column":36}},"loc":{"start":{"line":9,"column":38},"end":{"line":78,"column":1}}},"1":{"name":"(anonymous_1)","decl":{"start":{"line":13,"column":41},"end":{"line":13,"column":42}},"loc":{"start":{"line":13,"column":47},"end":{"line":25,"column":3}}},"2":{"name":"(anonymous_2)","decl":{"start":{"line":18,"column":13},"end":{"line":18,"column":14}},"loc":{"start":{"line":19,"column":6},"end":{"line":21,"column":8}}},"3":{"name":"(anonymous_3)","decl":{"start":{"line":27,"column":32},"end":{"line":27,"column":33}},"loc":{"start":{"line":27,"column":69},"end":{"line":37,"column":3}}},"4":{"name":"(anonymous_4)","decl":{"start":{"line":28,"column":13},"end":{"line":28,"column":14}},"loc":{"start":{"line":29,"column":6},"end":{"line":35,"column":8}}},"5":{"name":"(anonymous_5)","decl":{"start":{"line":29,"column":15},"end":{"line":29,"column":16}},"loc":{"start":{"line":29,"column":24},"end":{"line":35,"column":7}}},"6":{"name":"(anonymous_6)","decl":{"start":{"line":47,"column":20},"end":{"line":47,"column":21}},"loc":{"start":{"line":47,"column":27},"end":{"line":47,"column":57}}},"7":{"name":"(anonymous_7)","decl":{"start":{"line":60,"column":21},"end":{"line":60,"column":22}},"loc":{"start":{"line":60,"column":30},"end":{"line":73,"column":11}}},"8":{"name":"(anonymous_8)","decl":{"start":{"line":67,"column":28},"end":{"line":67,"column":31}},"loc":{"start":{"line":68,"column":20},"end":{"line":68,"column":67}}}},"branchMap":{"0":{"loc":{"start":{"line":15,"column":4},"end":{"line":17,"column":null}},"type":"if","locations":[{"start":{"line":15,"column":4},"end":{"line":17,"column":null}}]},"1":{"loc":{"start":{"line":30,"column":8},"end":{"line":32,"column":null}},"type":"if","locations":[{"start":{"line":30,"column":8},"end":{"line":32,"column":null}}]}},"s":{"0":1,"1":1,"2":8,"3":8,"4":8,"5":2,"6":2,"7":0,"8":2,"9":2,"10":2,"11":8,"12":0,"13":0,"14":0,"15":0,"16":0,"17":8,"18":2,"19":2,"20":0,"21":1},"f":{"0":8,"1":2,"2":2,"3":0,"4":0,"5":0,"6":2,"7":2,"8":0},"b":{"0":[0],"1":[0]}}
}
