TN:
SF:src/exercises/react/todoApp.tsx
FN:9,(anonymous_0)
FN:13,(anonymous_1)
FN:18,(anonymous_2)
FN:27,(anonymous_3)
FN:28,(anonymous_4)
FN:29,(anonymous_5)
FN:47,(anonymous_6)
FN:60,(anonymous_7)
FN:67,(anonymous_8)
FNF:9
FNH:5
FNDA:8,(anonymous_0)
FNDA:2,(anonymous_1)
FNDA:2,(anonymous_2)
FNDA:0,(anonymous_3)
FNDA:0,(anonymous_4)
FNDA:0,(anonymous_5)
FNDA:2,(anonymous_6)
FNDA:2,(anonymous_7)
FNDA:0,(anonymous_8)
DA:1,1
DA:9,1
DA:10,8
DA:11,8
DA:13,8
DA:14,2
DA:15,2
DA:16,0
DA:18,2
DA:19,2
DA:24,2
DA:27,8
DA:28,0
DA:29,0
DA:30,0
DA:31,0
DA:34,0
DA:39,8
DA:47,2
DA:61,2
DA:68,0
LF:21
LH:14
BRDA:15,0,0,0
BRDA:30,1,0,0
BRF:2
BRH:0
end_of_record
