TN:
SF:src/app.tsx
FN:5,App
FNF:1
FNH:1
FNDA:1,App
DA:1,1
DA:5,1
DA:6,1
LF:3
LH:3
BRF:0
BRH:0
end_of_record
TN:
SF:src/exercises/nonReact/debounce.ts
FN:1,(anonymous_0)
FN:3,(anonymous_1)
FN:8,(anonymous_2)
FNF:3
FNH:3
FNDA:4,(anonymous_0)
FNDA:8,(anonymous_1)
FNDA:4,(anonymous_2)
DA:1,1
DA:3,4
DA:4,8
DA:5,4
DA:8,8
DA:9,4
DA:10,4
LF:7
LH:7
BRDA:4,0,0,4
BRF:1
BRH:1
end_of_record
TN:
SF:src/exercises/nonReact/flattenTree.ts
FN:6,(anonymous_0)
FNF:1
FNH:1
FNDA:3,(anonymous_0)
DA:6,1
DA:7,3
DA:8,3
DA:10,3
DA:11,8
DA:13,8
DA:14,1
DA:17,7
DA:18,3
DA:21,7
DA:22,7
DA:26,2
LF:12
LH:12
BRDA:13,0,0,1
BRDA:17,1,0,3
BRDA:21,2,0,7
BRF:3
BRH:3
end_of_record
TN:
SF:src/exercises/nonReact/myPromiseAll.ts
FN:1,(anonymous_0)
FN:10,(anonymous_1)
FN:11,(anonymous_2)
FN:13,(anonymous_3)
FN:24,(anonymous_4)
FNF:5
FNH:5
FNDA:4,(anonymous_0)
FNDA:3,(anonymous_1)
FNDA:9,(anonymous_2)
FNDA:8,(anonymous_3)
FNDA:1,(anonymous_4)
DA:1,1
DA:2,4
DA:3,1
DA:6,3
DA:7,3
DA:8,3
DA:10,3
DA:11,3
DA:12,9
DA:14,8
DA:15,0
DA:17,8
DA:18,8
DA:20,8
DA:21,2
DA:25,1
DA:26,1
DA:27,1
LF:18
LH:17
BRDA:2,0,0,1
BRDA:14,1,0,0
BRDA:20,2,0,2
BRDA:25,3,0,1
BRF:4
BRH:3
end_of_record
TN:
SF:src/exercises/react/countdown.tsx
FN:3,(anonymous_0)
FN:7,(anonymous_1)
FN:12,(anonymous_2)
FN:13,(anonymous_3)
FN:17,(anonymous_4)
FNF:5
FNH:5
FNDA:7,(anonymous_0)
FNDA:7,(anonymous_1)
FNDA:15,(anonymous_2)
FNDA:8,(anonymous_3)
FNDA:1,(anonymous_4)
DA:1,1
DA:3,1
DA:4,7
DA:5,7
DA:7,7
DA:8,7
DA:9,4
DA:12,7
DA:13,15
DA:17,7
DA:18,1
DA:21,7
LF:12
LH:12
BRDA:8,0,0,4
BRF:1
BRH:1
end_of_record
TN:
SF:src/exercises/react/todoApp.tsx
FN:9,(anonymous_0)
FN:13,(anonymous_1)
FN:18,(anonymous_2)
FN:27,(anonymous_3)
FN:28,(anonymous_4)
FN:29,(anonymous_5)
FN:47,(anonymous_6)
FN:60,(anonymous_7)
FN:67,(anonymous_8)
FNF:9
FNH:5
FNDA:8,(anonymous_0)
FNDA:2,(anonymous_1)
FNDA:2,(anonymous_2)
FNDA:0,(anonymous_3)
FNDA:0,(anonymous_4)
FNDA:0,(anonymous_5)
FNDA:2,(anonymous_6)
FNDA:2,(anonymous_7)
FNDA:0,(anonymous_8)
DA:1,1
DA:9,1
DA:10,8
DA:11,8
DA:13,8
DA:14,2
DA:15,2
DA:16,0
DA:18,2
DA:19,2
DA:24,2
DA:27,8
DA:28,0
DA:29,0
DA:30,0
DA:31,0
DA:34,0
DA:39,8
DA:47,2
DA:61,2
DA:68,0
LF:21
LH:14
BRDA:15,0,0,0
BRDA:30,1,0,0
BRF:2
BRH:0
end_of_record
